<?xml version="1.0" encoding="UTF-8"?>
<!-- Generated by org.testng.reporters.JUnitXMLReporter -->
<testsuite hostname="USER-20180817CM" name="Default test" tests="5" failures="0" timestamp="14 Jan 2019 08:43:39 GMT" time="3.398" errors="0">
  <testcase name="testLogin" time="0.37" classname="com.sundaniu.Testcases.SeleniumLoginTest"/>
  <testcase name="addTest" time="1.574" classname="com.sundaniu.Testcases.SeleniumLoginTest"/>
  <testcase name="queryTest" time="0.398" classname="com.sundaniu.Testcases.SeleniumLoginTest"/>
  <testcase name="editTest" time="0.897" classname="com.sundaniu.Testcases.SeleniumLoginTest"/>
  <testcase name="delectTest" time="0.13" classname="com.sundaniu.Testcases.SeleniumLoginTest"/>
</testsuite> <!-- Default test -->
