<?xml version="1.0" encoding="UTF-8"?>
<testng-results skipped="0" failed="0" total="5" passed="5">
  <reporter-output>
  </reporter-output>
  <suite name="Default suite" duration-ms="3398" started-at="2019-01-14T08:43:35Z" finished-at="2019-01-14T08:43:39Z">
    <groups>
    </groups>
    <test name="Default test" duration-ms="3398" started-at="2019-01-14T08:43:35Z" finished-at="2019-01-14T08:43:39Z">
      <class name="com.sundaniu.Testcases.SeleniumLoginTest">
        <test-method status="PASS" signature="beforeSuite()[pri:0, instance:com.sundaniu.Testcases.SeleniumLoginTest@6f7fd0e6]" name="beforeSuite" is-config="true" duration-ms="9306" started-at="2019-01-14T16:43:26Z" finished-at="2019-01-14T16:43:35Z">
          <reporter-output>
          </reporter-output>
        </test-method> <!-- beforeSuite -->
        <test-method status="PASS" signature="beforeTest()[pri:0, instance:com.sundaniu.Testcases.SeleniumLoginTest@6f7fd0e6]" name="beforeTest" is-config="true" duration-ms="0" started-at="2019-01-14T16:43:35Z" finished-at="2019-01-14T16:43:35Z">
          <reporter-output>
          </reporter-output>
        </test-method> <!-- beforeTest -->
        <test-method status="PASS" signature="beforeClass()[pri:0, instance:com.sundaniu.Testcases.SeleniumLoginTest@6f7fd0e6]" name="beforeClass" is-config="true" duration-ms="0" started-at="2019-01-14T16:43:35Z" finished-at="2019-01-14T16:43:35Z">
          <reporter-output>
          </reporter-output>
        </test-method> <!-- beforeClass -->
        <test-method status="PASS" signature="testLogin()[pri:0, instance:com.sundaniu.Testcases.SeleniumLoginTest@6f7fd0e6]" name="testLogin" duration-ms="370" started-at="2019-01-14T16:43:35Z" finished-at="2019-01-14T16:43:36Z">
          <reporter-output>
          </reporter-output>
        </test-method> <!-- testLogin -->
        <test-method status="PASS" signature="beforeMethod()[pri:0, instance:com.sundaniu.Testcases.SeleniumLoginTest@6f7fd0e6]" name="beforeMethod" is-config="true" duration-ms="0" started-at="2019-01-14T16:43:35Z" finished-at="2019-01-14T16:43:35Z">
          <reporter-output>
          </reporter-output>
        </test-method> <!-- beforeMethod -->
        <test-method status="PASS" signature="afterMethod()[pri:0, instance:com.sundaniu.Testcases.SeleniumLoginTest@6f7fd0e6]" name="afterMethod" is-config="true" duration-ms="0" started-at="2019-01-14T16:43:36Z" finished-at="2019-01-14T16:43:36Z">
          <reporter-output>
          </reporter-output>
        </test-method> <!-- afterMethod -->
        <test-method status="PASS" signature="beforeMethod()[pri:0, instance:com.sundaniu.Testcases.SeleniumLoginTest@6f7fd0e6]" name="beforeMethod" is-config="true" duration-ms="1" started-at="2019-01-14T16:43:36Z" finished-at="2019-01-14T16:43:36Z">
          <reporter-output>
          </reporter-output>
        </test-method> <!-- beforeMethod -->
        <test-method status="PASS" signature="addTest()[pri:0, instance:com.sundaniu.Testcases.SeleniumLoginTest@6f7fd0e6]" name="addTest" duration-ms="1574" started-at="2019-01-14T16:43:36Z" finished-at="2019-01-14T16:43:37Z">
          <reporter-output>
          </reporter-output>
        </test-method> <!-- addTest -->
        <test-method status="PASS" signature="afterMethod()[pri:0, instance:com.sundaniu.Testcases.SeleniumLoginTest@6f7fd0e6]" name="afterMethod" is-config="true" duration-ms="1" started-at="2019-01-14T16:43:37Z" finished-at="2019-01-14T16:43:37Z">
          <reporter-output>
          </reporter-output>
        </test-method> <!-- afterMethod -->
        <test-method status="PASS" signature="queryTest()[pri:0, instance:com.sundaniu.Testcases.SeleniumLoginTest@6f7fd0e6]" name="queryTest" duration-ms="398" started-at="2019-01-14T16:43:37Z" finished-at="2019-01-14T16:43:38Z">
          <reporter-output>
          </reporter-output>
        </test-method> <!-- queryTest -->
        <test-method status="PASS" signature="beforeMethod()[pri:0, instance:com.sundaniu.Testcases.SeleniumLoginTest@6f7fd0e6]" name="beforeMethod" is-config="true" duration-ms="0" started-at="2019-01-14T16:43:37Z" finished-at="2019-01-14T16:43:37Z">
          <reporter-output>
          </reporter-output>
        </test-method> <!-- beforeMethod -->
        <test-method status="PASS" signature="afterMethod()[pri:0, instance:com.sundaniu.Testcases.SeleniumLoginTest@6f7fd0e6]" name="afterMethod" is-config="true" duration-ms="0" started-at="2019-01-14T16:43:38Z" finished-at="2019-01-14T16:43:38Z">
          <reporter-output>
          </reporter-output>
        </test-method> <!-- afterMethod -->
        <test-method status="PASS" signature="beforeMethod()[pri:0, instance:com.sundaniu.Testcases.SeleniumLoginTest@6f7fd0e6]" name="beforeMethod" is-config="true" duration-ms="1" started-at="2019-01-14T16:43:38Z" finished-at="2019-01-14T16:43:38Z">
          <reporter-output>
          </reporter-output>
        </test-method> <!-- beforeMethod -->
        <test-method status="PASS" signature="editTest()[pri:0, instance:com.sundaniu.Testcases.SeleniumLoginTest@6f7fd0e6]" name="editTest" duration-ms="897" started-at="2019-01-14T16:43:38Z" finished-at="2019-01-14T16:43:39Z">
          <reporter-output>
          </reporter-output>
        </test-method> <!-- editTest -->
        <test-method status="PASS" signature="afterMethod()[pri:0, instance:com.sundaniu.Testcases.SeleniumLoginTest@6f7fd0e6]" name="afterMethod" is-config="true" duration-ms="0" started-at="2019-01-14T16:43:39Z" finished-at="2019-01-14T16:43:39Z">
          <reporter-output>
          </reporter-output>
        </test-method> <!-- afterMethod -->
        <test-method status="PASS" signature="delectTest()[pri:0, instance:com.sundaniu.Testcases.SeleniumLoginTest@6f7fd0e6]" name="delectTest" duration-ms="130" started-at="2019-01-14T16:43:39Z" finished-at="2019-01-14T16:43:39Z">
          <reporter-output>
          </reporter-output>
        </test-method> <!-- delectTest -->
        <test-method status="PASS" signature="beforeMethod()[pri:0, instance:com.sundaniu.Testcases.SeleniumLoginTest@6f7fd0e6]" name="beforeMethod" is-config="true" duration-ms="0" started-at="2019-01-14T16:43:39Z" finished-at="2019-01-14T16:43:39Z">
          <reporter-output>
          </reporter-output>
        </test-method> <!-- beforeMethod -->
        <test-method status="PASS" signature="afterMethod()[pri:0, instance:com.sundaniu.Testcases.SeleniumLoginTest@6f7fd0e6]" name="afterMethod" is-config="true" duration-ms="2" started-at="2019-01-14T16:43:39Z" finished-at="2019-01-14T16:43:39Z">
          <reporter-output>
          </reporter-output>
        </test-method> <!-- afterMethod -->
        <test-method status="PASS" signature="afterClass()[pri:0, instance:com.sundaniu.Testcases.SeleniumLoginTest@6f7fd0e6]" name="afterClass" is-config="true" duration-ms="0" started-at="2019-01-14T16:43:39Z" finished-at="2019-01-14T16:43:39Z">
          <reporter-output>
          </reporter-output>
        </test-method> <!-- afterClass -->
        <test-method status="PASS" signature="afterTest()[pri:0, instance:com.sundaniu.Testcases.SeleniumLoginTest@6f7fd0e6]" name="afterTest" is-config="true" duration-ms="0" started-at="2019-01-14T16:43:39Z" finished-at="2019-01-14T16:43:39Z">
          <reporter-output>
          </reporter-output>
        </test-method> <!-- afterTest -->
        <test-method status="PASS" signature="afterSuite()[pri:0, instance:com.sundaniu.Testcases.SeleniumLoginTest@6f7fd0e6]" name="afterSuite" is-config="true" duration-ms="45" started-at="2019-01-14T16:43:39Z" finished-at="2019-01-14T16:43:39Z">
          <reporter-output>
          </reporter-output>
        </test-method> <!-- afterSuite -->
      </class> <!-- com.sundaniu.Testcases.SeleniumLoginTest -->
    </test> <!-- Default test -->
  </suite> <!-- Default suite -->
</testng-results>
